INFO:root:Connection Successful
INFO:root:--------------------------------------
INFO:root:{'ev': 'status', 'status': 'connected', 'message': 'Connected Successfully'}
INFO:root:--------------------------------------
INFO:root:{'ev': 'status', 'status': 'auth_success', 'message': 'authenticated'}
INFO:root:--------------------------------------
INFO:root:{'ev': 'status', 'status': 'success', 'message': 'subscribed to: AM.SPY'}
INFO:root:--------------------------------------
INFO:root:{'ev': 'status', 'status': 'success', 'message': 'subscribed to: AM.TSLA'}
INFO:root:--------------------------------------
INFO:root:Time: 2020-10-29, Thu, 13:02
WARNING:root:SPY_PCT_CHANGE
INFO:root:-- Back Logging --
DEBUG:urllib3.connectionpool:Starting new HTTPS connection (1): api.polygon.io:443
DEBUG:urllib3.connectionpool:https://api.polygon.io:443 "GET /v2/aggs/ticker/TSLA/range/1/minute/2020-10-28/2020-10-29?unadjusted=False&apiKey=AKLHG2FROVBZU52XU8AT HTTP/1.1" 200 None
DEBUG:urllib3.connectionpool:https://api.polygon.io:443 "GET /v2/aggs/ticker/SPY/range/1/minute/2020-10-28/2020-10-29?unadjusted=False&apiKey=AKLHG2FROVBZU52XU8AT HTTP/1.1" 200 None
INFO:root:-- Overnight data --> 285 --
INFO:root:-- Pre market Price: 405.8 --
INFO:root:-- TSLA market open 409.96 --
INFO:root:-- Factory Live --
INFO:root:-- Evaluating Parameters... --
INFO:root:-- Loading up the Hibernation Strategy --
INFO:root:-- Building Strategy --
INFO:root:-- Starting Defualt Operations --
INFO:root:-- Checking Price Jump --
INFO:root:Volume Corr: nan
INFO:root:--------------------------------------
INFO:root:SPY_500: PCT_CHANGE: 0.753
INFO:root:--------------------------------------
INFO:root:Time: 2020-10-29, Thu, 13:03
INFO:root:-- Time: 2020-10-29, Thu, 13:03, High: 412.94, Low: 412.72, Stream VP: -0.07, V/P Ratio: 0.05 --
INFO:root:-- Factory Live --
INFO:root:-- Evaluating Parameters... --
INFO:root:-- Loading up the Hibernation Strategy --
INFO:root:-- Building Strategy --
INFO:root:-- Starting Defualt Operations --
INFO:root:-- Checking Price Jump --
INFO:root:Pct_Corr: 1.0
INFO:root:Volume Corr: -0.9999999999999998
INFO:root:--------------------------------------
INFO:root:SPY_500: PCT_CHANGE: 0.771
INFO:root:--------------------------------------
INFO:root:Time: 2020-10-29, Thu, 13:04
INFO:root:-- Time: 2020-10-29, Thu, 13:04, High: 412.76, Low: 412.42, Stream VP: 0.03, V/P Ratio: 0.08 --
INFO:root:-- Factory Live --
INFO:root:-- Evaluating Parameters... --
INFO:root:-- Loading up the Hibernation Strategy --
INFO:root:-- Building Strategy --
INFO:root:-- Starting Defualt Operations --
INFO:root:-- Checking Price Jump --
INFO:root:Pct_Corr: -0.31982138381839526
INFO:root:Volume Corr: -0.8097566254604937
INFO:root:--------------------------------------
INFO:root:SPY_500: PCT_CHANGE: 0.756
INFO:root:--------------------------------------
INFO:root:Time: 2020-10-29, Thu, 13:05
INFO:root:-- Time: 2020-10-29, Thu, 13:05, High: 412.8, Low: 412.4943, Stream VP: -0.01, V/P Ratio: 0.07 --
INFO:root:-- Factory Live --
INFO:root:-- Evaluating Parameters... --
INFO:root:-- Loading up the Hibernation Strategy --
INFO:root:-- Building Strategy --
INFO:root:-- Starting Defualt Operations --
INFO:root:-- Checking Price Jump --
INFO:root:Pct_Corr: -0.4058130329998593
INFO:root:Volume Corr: -0.5128623622785587
INFO:root:--------------------------------------
INFO:root:SPY_500: PCT_CHANGE: 0.753
INFO:root:--------------------------------------
INFO:root:SPY_500: PCT_CHANGE: 0.756
INFO:root:--------------------------------------
INFO:root:Time: 2020-10-29, Thu, 13:06
INFO:root:-- Time: 2020-10-29, Thu, 13:06, High: 412.84, Low: 412.6415, Stream VP: -0.02, V/P Ratio: 0.05 --
INFO:root:-- Factory Live --
INFO:root:-- Evaluating Parameters... --
INFO:root:-- Loading up the Hibernation Strategy --
INFO:root:-- Building Strategy --
INFO:root:-- Starting Defualt Operations --
INFO:root:-- Checking Price Jump --
INFO:root:Pct_Corr: -0.40529526722733356
INFO:root:Volume Corr: -0.0566948935685616
INFO:root:--------------------------------------
INFO:root:Time: 2020-10-29, Thu, 13:07
INFO:root:-- Time: 2020-10-29, Thu, 13:07, High: 413.2564, Low: 412.7966, Stream VP: 0.06, V/P Ratio: 0.11 --
INFO:root:-- Factory Live --
INFO:root:-- Evaluating Parameters... --
INFO:root:-- Loading up the Hibernation Strategy --
INFO:root:-- Building Strategy --
INFO:root:-- Starting Defualt Operations --
INFO:root:-- Checking Price Jump --
INFO:root:Pct_Corr: 0.037943849720615555
INFO:root:Volume Corr: 0.37282752539110375
INFO:root:--------------------------------------
INFO:root:SPY_500: PCT_CHANGE: 0.733
INFO:root:--------------------------------------
INFO:root:SPY_500: PCT_CHANGE: 0.737
INFO:root:--------------------------------------
INFO:root:Time: 2020-10-29, Thu, 13:08
INFO:root:-- Time: 2020-10-29, Thu, 13:08, High: 413.21, Low: 412.71, Stream VP: 0.01, V/P Ratio: 0.12 --
INFO:root:-- Factory Live --
INFO:root:-- Evaluating Parameters... --
INFO:root:-- Loading up the Hibernation Strategy --
INFO:root:-- Building Strategy --
INFO:root:-- Starting Defualt Operations --
INFO:root:-- Checking Price Jump --
INFO:root:Pct_Corr: 0.10940974762229147
INFO:root:Volume Corr: 0.3351768617798202
INFO:root:--------------------------------------
INFO:root:SPY_500: PCT_CHANGE: 0.679
INFO:root:--------------------------------------
INFO:root:Time: 2020-10-29, Thu, 13:09
INFO:root:-- Time: 2020-10-29, Thu, 13:09, High: 413.11, Low: 412.57, Stream VP: 0.01, V/P Ratio: 0.13 --
INFO:root:-- Factory Live --
INFO:root:-- Evaluating Parameters... --
INFO:root:-- Loading up the Hibernation Strategy --
INFO:root:-- Building Strategy --
INFO:root:-- Starting Defualt Operations --
INFO:root:-- Checking Price Jump --
INFO:root:Pct_Corr: 0.11689604169949235
INFO:root:Volume Corr: 0.527288864196561
INFO:root:--------------------------------------
INFO:root:Time: 2020-10-29, Thu, 13:10
INFO:root:-- Time: 2020-10-29, Thu, 13:10, High: 412.7, Low: 412.32, Stream VP: -0.04, V/P Ratio: 0.09 --
INFO:root:-- Factory Live --
INFO:root:-- Evaluating Parameters... --
INFO:root:-- Loading up the Hibernation Strategy --
INFO:root:-- Building Strategy --
INFO:root:-- Starting Defualt Operations --
INFO:root:-- Checking Price Jump --
INFO:root:Pct_Corr: 0.08611419198192324
INFO:root:Volume Corr: 0.4992067049276298
INFO:root:--------------------------------------
INFO:root:SPY_500: PCT_CHANGE: 0.621
INFO:root:--------------------------------------
INFO:root:SPY_500: PCT_CHANGE: 0.6
INFO:root:--------------------------------------
INFO:root:Time: 2020-10-29, Thu, 13:11
INFO:root:-- Time: 2020-10-29, Thu, 13:11, High: 412.575, Low: 412.2372, Stream VP: -0.01, V/P Ratio: 0.08 --
INFO:root:Rolling_v_10 0.09
INFO:root:Rolling_high_10 412.90914000000004
INFO:root:-- Factory Live --
INFO:root:-- Evaluating Parameters... --
INFO:root:-- Loading up the Hibernation Strategy --
INFO:root:-- Building Strategy --
INFO:root:-- Starting Defualt Operations --
INFO:root:-- Checking Price Jump --
INFO:root:Pct_Corr: 0.11150196106691102
INFO:root:Volume Corr: 0.5030601251846673
INFO:root:--------------------------------------
INFO:root:Time: 2020-10-29, Thu, 13:12
INFO:root:-- Time: 2020-10-29, Thu, 13:12, High: 412.95, Low: 412.4923, Stream VP: 0.03, V/P Ratio: 0.11 --
INFO:root:Rolling_v_10 0.089
INFO:root:Rolling_high_10 412.91414
INFO:root:-- Factory Live --
INFO:root:-- Evaluating Parameters... --
INFO:root:-- Loading up the Hibernation Strategy --
INFO:root:-- Building Strategy --
INFO:root:-- Starting Defualt Operations --
INFO:root:-- Checking Price Jump --
INFO:root:Pct_Corr: 0.1073842482377738
INFO:root:Volume Corr: 0.4980161351079407
INFO:root:--------------------------------------
INFO:root:SPY_500: PCT_CHANGE: 0.615
INFO:root:--------------------------------------
INFO:root:SPY_500: PCT_CHANGE: 0.621
INFO:root:--------------------------------------
INFO:root:Time: 2020-10-29, Thu, 13:13
INFO:root:-- Time: 2020-10-29, Thu, 13:13, High: 413.25, Low: 412.81, Stream VP: 0.0, V/P Ratio: 0.11 --
INFO:root:Rolling_v_10 0.095
INFO:root:Rolling_high_10 412.94514
INFO:root:-- Factory Live --
INFO:root:-- Evaluating Parameters... --
INFO:root:-- Loading up the Hibernation Strategy --
INFO:root:-- Building Strategy --
INFO:root:-- Starting Defualt Operations --
INFO:root:-- Checking Price Jump --
INFO:root:Pct_Corr: 0.08274763996684516
INFO:root:Volume Corr: 0.5115903980556574
INFO:root:--------------------------------------
INFO:root:SPY_500: PCT_CHANGE: 0.676
INFO:root:--------------------------------------
INFO:root:Time: 2020-10-29, Thu, 13:14
INFO:root:-- Time: 2020-10-29, Thu, 13:14, High: 413.8499, Low: 413.11, Stream VP: 0.07, V/P Ratio: 0.18 --
INFO:root:Rolling_v_10 0.10499999999999998
INFO:root:Rolling_high_10 413.05413
INFO:root:-- Factory Live --
INFO:root:-- Evaluating Parameters... --
INFO:root:-- Loading up the Hibernation Strategy --
INFO:root:-- Building Strategy --
INFO:root:-- Starting Defualt Operations --
INFO:root:-- Checking Price Jump --
INFO:root:Pct_Corr: 0.08852198832312086
INFO:root:Volume Corr: 0.7200572887423544
INFO:root:--------------------------------------
INFO:root:Time: 2020-10-29, Thu, 13:15
INFO:root:-- Time: 2020-10-29, Thu, 13:15, High: 413.96, Low: 413.48, Stream VP: -0.06, V/P Ratio: 0.12 --
INFO:root:Rolling_v_10 0.11000000000000001
INFO:root:Rolling_high_10 413.17013
INFO:root:-- Factory Live --
INFO:root:-- Evaluating Parameters... --
INFO:root:-- Loading up the Hibernation Strategy --
INFO:root:-- Building Strategy --
INFO:root:-- Starting Defualt Operations --
INFO:root:-- Checking Price Jump --
INFO:root:Pct_Corr: 0.09560447246387865
INFO:root:Volume Corr: 0.721500748052134
INFO:root:--------------------------------------
INFO:root:SPY_500: PCT_CHANGE: 0.645
INFO:root:--------------------------------------
INFO:root:SPY_500: PCT_CHANGE: 0.652
INFO:root:--------------------------------------
INFO:root:Time: 2020-10-29, Thu, 13:16
INFO:root:-- Time: 2020-10-29, Thu, 13:16, High: 413.775, Low: 413.4797, Stream VP: -0.05, V/P Ratio: 0.07 --
INFO:root:Rolling_v_10 0.11199999999999999
INFO:root:Rolling_high_10 413.26363000000003
INFO:root:-- Factory Live --
INFO:root:-- Evaluating Parameters... --
INFO:root:-- Loading up the Hibernation Strategy --
INFO:root:-- Building Strategy --
INFO:root:-- Starting Defualt Operations --
INFO:root:-- Checking Price Jump --
INFO:root:Pct_Corr: 0.08965456785142478
INFO:root:Volume Corr: 0.7380964594182708
INFO:root:--------------------------------------
INFO:root:SPY_500: PCT_CHANGE: 0.603
INFO:root:--------------------------------------
INFO:root:Time: 2020-10-29, Thu, 13:17
INFO:root:-- Time: 2020-10-29, Thu, 13:17, High: 413.655, Low: 413, Stream VP: 0.09, V/P Ratio: 0.16 --
INFO:root:Rolling_v_10 0.11699999999999999
INFO:root:Rolling_high_10 413.30349000000007
INFO:root:-- Factory Live --
INFO:root:-- Evaluating Parameters... --
INFO:root:-- Loading up the Hibernation Strategy --
INFO:root:-- Building Strategy --
INFO:root:-- Starting Defualt Operations --
INFO:root:-- Checking Price Jump --
INFO:root:Pct_Corr: 0.06692534209455388
INFO:root:Volume Corr: 0.7285392396615824
INFO:root:--------------------------------------
INFO:root:Time: 2020-10-29, Thu, 13:18
INFO:root:-- Time: 2020-10-29, Thu, 13:18, High: 413.585, Low: 413.285, Stream VP: -0.09, V/P Ratio: 0.07 --
INFO:root:Rolling_v_10 0.11199999999999999
INFO:root:Rolling_high_10 413.34099000000003
INFO:root:-- Factory Live --
INFO:root:-- Evaluating Parameters... --
INFO:root:-- Loading up the Hibernation Strategy --
INFO:root:-- Building Strategy --
INFO:root:-- Starting Defualt Operations --
INFO:root:-- Checking Price Jump --
INFO:root:Pct_Corr: 0.05139371746372231
INFO:root:Volume Corr: 0.7431857802553703
INFO:root:--------------------------------------
INFO:root:SPY_500: PCT_CHANGE: 0.587
INFO:root:--------------------------------------
INFO:root:SPY_500: PCT_CHANGE: 0.603
INFO:root:--------------------------------------
INFO:root:Time: 2020-10-29, Thu, 13:20
INFO:root:-- Time: 2020-10-29, Thu, 13:20, High: 413.75, Low: 413.352, Stream VP: 0.03, V/P Ratio: 0.1 --
INFO:root:Rolling_v_10 0.10900000000000001
INFO:root:Rolling_high_10 413.40499
INFO:root:-- Factory Live --
INFO:root:-- Evaluating Parameters... --
INFO:root:-- Loading up the Hibernation Strategy --
INFO:root:-- Building Strategy --
INFO:root:-- Starting Defualt Operations --
INFO:root:-- Checking Price Jump --
INFO:root:Pct_Corr: 0.03281693825346862
INFO:root:Volume Corr: 0.7417626448272105
INFO:root:--------------------------------------
INFO:root:SPY_500: PCT_CHANGE: 0.6
INFO:root:--------------------------------------
INFO:root:SPY_500: PCT_CHANGE: 0.645
INFO:root:--------------------------------------
INFO:root:Time: 2020-10-29, Thu, 13:21
INFO:root:-- Time: 2020-10-29, Thu, 13:21, High: 413.7337, Low: 413.35, Stream VP: -0.01, V/P Ratio: 0.09 --
INFO:root:Rolling_v_10 0.10899999999999999
INFO:root:Rolling_high_10 413.50836
INFO:root:-- Factory Live --
INFO:root:-- Evaluating Parameters... --
INFO:root:-- Loading up the Hibernation Strategy --
INFO:root:-- Building Strategy --
INFO:root:-- Starting Defualt Operations --
INFO:root:-- Checking Price Jump --
INFO:root:Pct_Corr: 0.03343651368436186
INFO:root:Volume Corr: 0.7429854501847788
INFO:root:--------------------------------------
INFO:root:SPY_500: PCT_CHANGE: 0.685
INFO:root:--------------------------------------
INFO:root:Time: 2020-10-29, Thu, 13:22
INFO:root:-- Time: 2020-10-29, Thu, 13:22, High: 413.76, Low: 413.425, Stream VP: -0.01, V/P Ratio: 0.08 --
INFO:root:Rolling_v_10 0.10900000000000001
INFO:root:Rolling_high_10 413.62686
INFO:root:-- Factory Live --
INFO:root:-- Evaluating Parameters... --
INFO:root:-- Loading up the Hibernation Strategy --
INFO:root:-- Building Strategy --
INFO:root:-- Starting Defualt Operations --
INFO:root:-- Checking Price Jump --
INFO:root:Pct_Corr: 0.048018528589324025
INFO:root:Volume Corr: 0.748061402572216
INFO:root:--------------------------------------
INFO:root:SPY_500: PCT_CHANGE: 0.779
INFO:root:--------------------------------------
INFO:root:Time: 2020-10-29, Thu, 13:23
INFO:root:-- Time: 2020-10-29, Thu, 13:23, High: 414.04, Low: 413.7001, Stream VP: 0.0, V/P Ratio: 0.08 --
INFO:root:Rolling_v_10 0.10599999999999998
INFO:root:Rolling_high_10 413.73585999999995
INFO:root:-- Factory Live --
INFO:root:-- Evaluating Parameters... --
INFO:root:-- Loading up the Hibernation Strategy --
INFO:root:-- Building Strategy --
INFO:root:-- Starting Defualt Operations --
INFO:root:-- Checking Price Jump --
INFO:root:Pct_Corr: 0.10999716886896531
INFO:root:Volume Corr: 0.5687187151702336
INFO:root:--------------------------------------
INFO:root:SPY_500: PCT_CHANGE: 0.788
INFO:root:--------------------------------------
INFO:root:Time: 2020-10-29, Thu, 13:24
INFO:root:-- Time: 2020-10-29, Thu, 13:24, High: 414.15, Low: 413.65, Stream VP: 0.04, V/P Ratio: 0.12 --
INFO:root:Rolling_v_10 0.10699999999999998
INFO:root:Rolling_high_10 413.8258599999999
INFO:root:-- Factory Live --
INFO:root:-- Evaluating Parameters... --
INFO:root:-- Loading up the Hibernation Strategy --
INFO:root:-- Building Strategy --
INFO:root:-- Starting Defualt Operations --
INFO:root:-- Checking Price Jump --
INFO:root:Pct_Corr: 0.16809221670826377
INFO:root:Volume Corr: 0.5595517705500763
INFO:root:--------------------------------------
INFO:root:SPY_500: PCT_CHANGE: 0.82
INFO:root:--------------------------------------
INFO:root:Time: 2020-10-29, Thu, 13:25
INFO:root:-- Time: 2020-10-29, Thu, 13:25, High: 414.2899, Low: 413.93, Stream VP: -0.03, V/P Ratio: 0.09 --
INFO:root:Rolling_v_10 0.09799999999999999
INFO:root:Rolling_high_10 413.8698600000001
INFO:root:-- Factory Live --
INFO:root:-- Evaluating Parameters... --
INFO:root:-- Loading up the Hibernation Strategy --
INFO:root:-- Building Strategy --
INFO:root:-- Starting Defualt Operations --
INFO:root:-- Checking Price Jump --
INFO:root:Pct_Corr: 0.23301407414687653
INFO:root:Volume Corr: 0.5432919435910629
INFO:root:--------------------------------------
INFO:root:Time: 2020-10-29, Thu, 13:26
INFO:root:-- Time: 2020-10-29, Thu, 13:26, High: 414.0543, Low: 413.79, Stream VP: -0.03, V/P Ratio: 0.06 --
INFO:root:Rolling_v_10 0.092
INFO:root:Rolling_high_10 413.87929
INFO:root:-- Factory Live --
INFO:root:-- Evaluating Parameters... --
INFO:root:-- Loading up the Hibernation Strategy --
INFO:root:-- Building Strategy --
INFO:root:-- Starting Defualt Operations --
INFO:root:-- Checking Price Jump --
INFO:root:Pct_Corr: 0.2725716873627491
INFO:root:Volume Corr: 0.5033908954682654
INFO:root:--------------------------------------
INFO:root:SPY_500: PCT_CHANGE: 0.82
INFO:root:--------------------------------------
INFO:root:SPY_500: PCT_CHANGE: 0.811
INFO:root:--------------------------------------
INFO:root:Time: 2020-10-29, Thu, 13:27
INFO:root:-- Time: 2020-10-29, Thu, 13:27, High: 413.97, Low: 413.66, Stream VP: 0.01, V/P Ratio: 0.07 --
INFO:root:Rolling_v_10 0.092
INFO:root:Rolling_high_10 413.89879
INFO:root:-- Factory Live --
INFO:root:-- Evaluating Parameters... --
INFO:root:-- Loading up the Hibernation Strategy --
INFO:root:-- Building Strategy --
INFO:root:-- Starting Defualt Operations --
INFO:root:-- Checking Price Jump --
INFO:root:Pct_Corr: 0.29975342509729946
INFO:root:Volume Corr: 0.5142197453235869
INFO:root:--------------------------------------
INFO:root:SPY_500: PCT_CHANGE: 0.853
INFO:root:--------------------------------------
INFO:root:Time: 2020-10-29, Thu, 13:28
INFO:root:-- Time: 2020-10-29, Thu, 13:28, High: 414.33, Low: 414, Stream VP: 0.01, V/P Ratio: 0.08 --
INFO:root:Rolling_v_10 0.08399999999999999
INFO:root:Rolling_high_10 413.96629
INFO:root:-- Factory Live --
INFO:root:-- Evaluating Parameters... --
INFO:root:-- Loading up the Hibernation Strategy --
INFO:root:-- Building Strategy --
INFO:root:-- Starting Defualt Operations --
INFO:root:-- Checking Price Jump --
INFO:root:Pct_Corr: 0.3472084784936418
INFO:root:Volume Corr: 0.5168089391841018
INFO:root:--------------------------------------
INFO:root:SPY_500: PCT_CHANGE: 0.913
INFO:root:--------------------------------------
INFO:root:Time: 2020-10-29, Thu, 13:29
INFO:root:-- Time: 2020-10-29, Thu, 13:29, High: 414.59, Low: 414.19, Stream VP: 0.02, V/P Ratio: 0.1 --
INFO:root:Rolling_v_10 0.08700000000000001
INFO:root:Rolling_high_10 414.06679
INFO:root:-- Factory Live --
INFO:root:-- Evaluating Parameters... --
INFO:root:-- Loading up the Hibernation Strategy --
INFO:root:-- Building Strategy --
INFO:root:-- Starting Defualt Operations --
INFO:root:-- Checking Price Jump --
INFO:root:Pct_Corr: 0.41175231948509416
INFO:root:Volume Corr: 0.5155773001850932
INFO:root:--------------------------------------
INFO:root:SPY_500: PCT_CHANGE: 0.967
INFO:root:--------------------------------------
INFO:root:Time: 2020-10-29, Thu, 13:30
INFO:root:-- Time: 2020-10-29, Thu, 13:30, High: 414.8, Low: 414.42, Stream VP: -0.01, V/P Ratio: 0.09 --
INFO:root:Rolling_v_10 0.086
INFO:root:Rolling_high_10 414.17179000000004
INFO:root:-- Factory Live --
INFO:root:-- Evaluating Parameters... --
INFO:root:-- Loading up the Hibernation Strategy --
INFO:root:-- Building Strategy --
INFO:root:-- Starting Defualt Operations --
INFO:root:-- Checking Price Jump --
INFO:root:Pct_Corr: 0.4823310626212439
INFO:root:Volume Corr: 0.49954906295709645
INFO:root:--------------------------------------
INFO:root:Time: 2020-10-29, Thu, 13:31
INFO:root:-- Time: 2020-10-29, Thu, 13:31, High: 414.99, Low: 414.27, Stream VP: 0.08, V/P Ratio: 0.17 --
INFO:root:Rolling_v_10 0.094
INFO:root:Rolling_high_10 414.29742
INFO:root:-- Factory Live --
INFO:root:-- Evaluating Parameters... --
INFO:root:-- The Market is Bull --
INFO:root:Max price: 414.99  Min price: 412.2372
INFO:root:-- Loading up the SlowBull Strategy --
INFO:root:-- Building Strategy --
INFO:root:Welcome to the SlowBull, its a quiet day but we see overall growth
INFO:root:-- Starting Defualt Operations --
INFO:root:-- Checking Price Jump --
INFO:root:Pct_Corr: 0.5384907669309414
INFO:root:Volume Corr: 0.6039209642542778
INFO:root:--------------------------------------
INFO:root:SPY_500: PCT_CHANGE: 1.028
INFO:root:--------------------------------------
INFO:root:Time: 2020-10-29, Thu, 13:32
INFO:root:-- Time: 2020-10-29, Thu, 13:32, High: 415.8, Low: 414.7791, Stream VP: 0.08, V/P Ratio: 0.25 --
INFO:root:Rolling_v_10 0.11099999999999999
INFO:root:Rolling_high_10 414.50142000000005
INFO:root:Rolling_high_30 413.6791399999999
INFO:root:-- Factory Live --
INFO:root:-- Evaluating Parameters... --
INFO:root:-- The Market is Bull --
INFO:root:Max price: 415.8  Min price: 412.2372
INFO:root:-- Loading up the SlowBull Strategy --
INFO:root:-- Building Strategy --
INFO:root:Welcome to the SlowBull, its a quiet day but we see overall growth
INFO:root:-- Starting Defualt Operations --
INFO:root:-- Checking Price Jump --
INFO:root:Price Jump Not Satisfied
INFO:root:Pct_Corr: 0.6038525154184664
INFO:root:Volume Corr: 0.7805623406252958
INFO:root:--------------------------------------
INFO:root:SPY_500: PCT_CHANGE: 1.015
INFO:root:--------------------------------------
INFO:root:SPY_500: PCT_CHANGE: 1.03
INFO:root:--------------------------------------
INFO:root:Time: 2020-10-29, Thu, 13:33
INFO:root:-- Time: 2020-10-29, Thu, 13:33, High: 415.46, Low: 414.8401, Stream VP: -0.1, V/P Ratio: 0.15 --
INFO:root:Rolling_v_10 0.118
INFO:root:Rolling_high_10 414.64342000000005
INFO:root:Rolling_high_30 413.7644733333332
INFO:root:-- Factory Live --
INFO:root:-- Evaluating Parameters... --
INFO:root:-- The Market is Bull --
INFO:root:Max price: 415.8  Min price: 412.2372
INFO:root:-- Loading up the SlowBull Strategy --
INFO:root:-- Building Strategy --
INFO:root:Welcome to the SlowBull, its a quiet day but we see overall growth
INFO:root:-- Starting Defualt Operations --
INFO:root:-- Checking Price Jump --
INFO:root:Price Jump Not Satisfied
INFO:root:Pct_Corr: 0.6477999390694206
INFO:root:Volume Corr: 0.7900574696525593
INFO:root:--------------------------------------
INFO:root:Time: 2020-10-29, Thu, 13:34
INFO:root:-- Time: 2020-10-29, Thu, 13:34, High: 415.07, Low: 414.67, Stream VP: -0.05, V/P Ratio: 0.1 --
INFO:root:Rolling_v_10 0.11600000000000002
INFO:root:Rolling_high_10 414.73542
INFO:root:Rolling_high_30 413.8354733333332
INFO:root:-- Factory Live --
INFO:root:-- Evaluating Parameters... --
INFO:root:-- The Market is Bull --
INFO:root:Max price: 415.8  Min price: 412.2372
INFO:root:-- Loading up the SlowBull Strategy --
INFO:root:-- Building Strategy --
INFO:root:Welcome to the SlowBull, its a quiet day but we see overall growth
INFO:root:-- Starting Defualt Operations --
INFO:root:-- Checking Price Jump --
INFO:root:Price Jump Not Satisfied
INFO:root:Pct_Corr: 0.6755292096790922
INFO:root:Volume Corr: 0.7832875532207529
INFO:root:--------------------------------------
INFO:root:SPY_500: PCT_CHANGE: 1.065
INFO:root:--------------------------------------
INFO:root:Time: 2020-10-29, Thu, 13:35
INFO:root:-- Time: 2020-10-29, Thu, 13:35, High: 415.35, Low: 415.08, Stream VP: -0.03, V/P Ratio: 0.07 --
INFO:root:Rolling_v_10 0.11400000000000002
INFO:root:Rolling_high_10 414.84143000000006
INFO:root:Rolling_high_30 413.9218066666665
INFO:root:-- Factory Live --
INFO:root:-- Evaluating Parameters... --
INFO:root:-- The Market is Bull --
INFO:root:Max price: 415.8  Min price: 412.2372
INFO:root:-- Loading up the SlowBull Strategy --
INFO:root:-- Building Strategy --
INFO:root:Welcome to the SlowBull, its a quiet day but we see overall growth
INFO:root:-- Starting Defualt Operations --
INFO:root:-- Checking Price Jump --
INFO:root:Price Jump Not Satisfied
INFO:root:Pct_Corr: 0.7050716024616566
INFO:root:Volume Corr: 0.7655612116553199
INFO:root:--------------------------------------
INFO:root:SPY_500: PCT_CHANGE: 1.082
INFO:root:--------------------------------------
INFO:root:Time: 2020-10-29, Thu, 13:36
INFO:root:-- Time: 2020-10-29, Thu, 13:36, High: 415.4, Low: 414.7, Stream VP: 0.1, V/P Ratio: 0.17 --
INFO:root:Rolling_v_10 0.125
INFO:root:Rolling_high_10 414.976
INFO:root:Rolling_high_30 414.0084733333332
INFO:root:-- Factory Live --
INFO:root:-- Evaluating Parameters... --
INFO:root:-- The Market is Bull --
INFO:root:Max price: 415.8  Min price: 412.2372
INFO:root:-- Loading up the SlowBull Strategy --
INFO:root:-- Building Strategy --
INFO:root:Welcome to the SlowBull, its a quiet day but we see overall growth
INFO:root:-- Starting Defualt Operations --
INFO:root:-- Checking Price Jump --
INFO:root:Price Jump Not Satisfied
INFO:root:Pct_Corr: 0.7302898518090701
INFO:root:Volume Corr: 0.744965308672472
INFO:root:--------------------------------------
INFO:root:SPY_500: PCT_CHANGE: 1.072
INFO:root:--------------------------------------
INFO:root:SPY_500: PCT_CHANGE: 1.061
INFO:root:--------------------------------------
INFO:root:Time: 2020-10-29, Thu, 13:37
INFO:root:-- Time: 2020-10-29, Thu, 13:37, High: 414.93, Low: 414.6402, Stream VP: -0.1, V/P Ratio: 0.07 --
INFO:root:Rolling_v_10 0.125
INFO:root:Rolling_high_10 415.072
INFO:root:Rolling_high_30 414.07813999999985
INFO:root:-- Factory Live --
INFO:root:-- Evaluating Parameters... --
INFO:root:-- Loading up the Hibernation Strategy --
INFO:root:-- Building Strategy --
INFO:root:-- Starting Defualt Operations --
INFO:root:-- Checking Price Jump --
INFO:root:Price Jump Not Satisfied
INFO:root:Pct_Corr: 0.7426290905052891
INFO:root:Volume Corr: 0.7389984686437647
INFO:root:--------------------------------------
INFO:root:SPY_500: PCT_CHANGE: 1.031
INFO:root:--------------------------------------
INFO:root:Time: 2020-10-29, Thu, 13:38
INFO:root:-- Time: 2020-10-29, Thu, 13:38, High: 415.0498, Low: 414.39, Stream VP: 0.09, V/P Ratio: 0.16 --
INFO:root:Rolling_v_10 0.13299999999999998
INFO:root:Rolling_high_10 415.14398
INFO:root:Rolling_high_30 414.13791999999995
INFO:root:-- Factory Live --
INFO:root:-- Evaluating Parameters... --
INFO:root:-- The Market is Bull --
INFO:root:Max price: 415.8  Min price: 412.2372
INFO:root:-- Loading up the SlowBull Strategy --
INFO:root:-- Building Strategy --
INFO:root:Welcome to the SlowBull, its a quiet day but we see overall growth
INFO:root:-- Starting Defualt Operations --
INFO:root:-- Checking Price Jump --
INFO:root:Price Jump Not Satisfied
INFO:root:Pct_Corr: 0.7542139783427705
INFO:root:Volume Corr: 0.7323488378214786
INFO:root:--------------------------------------
INFO:root:Time: 2020-10-29, Thu, 13:39
INFO:root:-- Time: 2020-10-29, Thu, 13:39, High: 414.71, Low: 414.39, Stream VP: -0.08, V/P Ratio: 0.08 --
INFO:root:Rolling_v_10 0.131
INFO:root:Rolling_high_10 415.15598
INFO:root:Rolling_high_30 414.1879199999999
INFO:root:-- Factory Live --
INFO:root:-- Evaluating Parameters... --
INFO:root:-- Loading up the Hibernation Strategy --
INFO:root:-- Building Strategy --
INFO:root:-- Starting Defualt Operations --
INFO:root:-- Checking Price Jump --
INFO:root:Price Jump Not Satisfied
INFO:root:Pct_Corr: 0.7597688711541493
INFO:root:Volume Corr: 0.7352723187973005
INFO:root:--------------------------------------
INFO:root:SPY_500: PCT_CHANGE: 1.024
INFO:root:--------------------------------------
INFO:root:SPY_500: PCT_CHANGE: 1.028
INFO:root:--------------------------------------
INFO:root:Time: 2020-10-29, Thu, 13:40
INFO:root:-- Time: 2020-10-29, Thu, 13:40, High: 414.8999, Low: 414.5, Stream VP: 0.02, V/P Ratio: 0.1 --
INFO:root:Rolling_v_10 0.132
INFO:root:Rolling_high_10 415.16597
INFO:root:Rolling_high_30 414.24758333333324
INFO:root:-- Factory Live --
INFO:root:-- Evaluating Parameters... --
INFO:root:-- Loading up the Hibernation Strategy --
INFO:root:-- Building Strategy --
INFO:root:-- Starting Defualt Operations --
INFO:root:-- Checking Price Jump --
INFO:root:Price Jump Not Satisfied
INFO:root:Pct_Corr: 0.7673683549811654
INFO:root:Volume Corr: 0.7331954622708176
INFO:root:--------------------------------------
INFO:root:SPY_500: PCT_CHANGE: 1.077
INFO:root:--------------------------------------
INFO:root:Time: 2020-10-29, Thu, 13:41
INFO:root:-- Time: 2020-10-29, Thu, 13:41, High: 415.05, Low: 414.79, Stream VP: -0.04, V/P Ratio: 0.06 --
INFO:root:Rolling_v_10 0.12100000000000002
INFO:root:Rolling_high_10 415.17197
INFO:root:Rolling_high_30 414.3259166666666
INFO:root:-- Factory Live --
INFO:root:-- Evaluating Parameters... --
INFO:root:-- The Market is Bull --
INFO:root:Max price: 415.8  Min price: 412.2372
INFO:root:-- Loading up the SlowBull Strategy --
INFO:root:-- Building Strategy --
INFO:root:Welcome to the SlowBull, its a quiet day but we see overall growth
INFO:root:-- Starting Defualt Operations --
INFO:root:-- Checking Price Jump --
INFO:root:Price Jump Not Satisfied
INFO:root:Pct_Corr: 0.776616578316637
INFO:root:Volume Corr: 0.7248779521749529
INFO:root:--------------------------------------
INFO:root:Time: 2020-10-29, Thu, 13:42
INFO:root:-- Time: 2020-10-29, Thu, 13:42, High: 415.0286, Low: 414.7301, Stream VP: 0.01, V/P Ratio: 0.07 --
INFO:root:Rolling_v_10 0.10300000000000001
INFO:root:Rolling_high_10 415.09483
INFO:root:Rolling_high_30 414.40770333333325
INFO:root:-- Factory Live --
INFO:root:-- Evaluating Parameters... --
INFO:root:-- The Market is Bull --
INFO:root:Max price: 415.8  Min price: 412.2372
INFO:root:-- Loading up the SlowBull Strategy --
INFO:root:-- Building Strategy --
INFO:root:Welcome to the SlowBull, its a quiet day but we see overall growth
INFO:root:-- Starting Defualt Operations --
INFO:root:-- Checking Price Jump --
INFO:root:Price Jump Not Satisfied
INFO:root:Pct_Corr: 0.7844454388741042
INFO:root:Volume Corr: 0.7166216896698477
INFO:root:--------------------------------------
INFO:root:SPY_500: PCT_CHANGE: 1.089
INFO:root:--------------------------------------
INFO:root:SPY_500: PCT_CHANGE: 1.156
INFO:root:--------------------------------------
INFO:root:Time: 2020-10-29, Thu, 13:43
INFO:root:-- Time: 2020-10-29, Thu, 13:43, High: 415.0405, Low: 414.655, Stream VP: 0.02, V/P Ratio: 0.09 --
INFO:root:Rolling_v_10 0.097
INFO:root:Rolling_high_10 415.05288
INFO:root:Rolling_high_30 414.4773866666666
INFO:root:-- Factory Live --
INFO:root:-- Evaluating Parameters... --
INFO:root:-- The Market is Bull --
INFO:root:Max price: 415.8  Min price: 412.2372
INFO:root:-- Loading up the SlowBull Strategy --
INFO:root:-- Building Strategy --
INFO:root:Welcome to the SlowBull, its a quiet day but we see overall growth
INFO:root:-- Starting Defualt Operations --
INFO:root:-- Checking Price Jump --
INFO:root:Price Jump Not Satisfied
INFO:root:Pct_Corr: 0.791067730571433
INFO:root:Volume Corr: 0.7124834536170194
INFO:root:--------------------------------------
INFO:root:SPY_500: PCT_CHANGE: 1.196
INFO:root:--------------------------------------
INFO:root:Time: 2020-10-29, Thu, 13:44
INFO:root:-- Time: 2020-10-29, Thu, 13:44, High: 414.81, Low: 414.4401, Stream VP: 0.0, V/P Ratio: 0.09 --
INFO:root:Rolling_v_10 0.096
INFO:root:Rolling_high_10 415.02688000000006
INFO:root:Rolling_high_30 414.52938666666654
INFO:root:-- Factory Live --
INFO:root:-- Evaluating Parameters... --
INFO:root:-- Loading up the Hibernation Strategy --
INFO:root:-- Building Strategy --
INFO:root:-- Starting Defualt Operations --
INFO:root:-- Checking Price Jump --
INFO:root:Price Jump Not Satisfied
INFO:root:Pct_Corr: 0.7901609080753313
INFO:root:Volume Corr: 0.712476910762594
INFO:root:--------------------------------------
INFO:root:Time: 2020-10-29, Thu, 13:45
INFO:root:-- Time: 2020-10-29, Thu, 13:45, High: 414.69, Low: 414.3101, Stream VP: 0.0, V/P Ratio: 0.09 --
INFO:root:Rolling_v_10 0.098
INFO:root:Rolling_high_10 414.96088
INFO:root:Rolling_high_30 414.55738999999994
INFO:root:-- Factory Live --
INFO:root:-- Evaluating Parameters... --
INFO:root:-- Loading up the Hibernation Strategy --
INFO:root:-- Building Strategy --
INFO:root:-- Starting Defualt Operations --
INFO:root:-- Checking Price Jump --
INFO:root:Price Jump Not Satisfied
INFO:root:Pct_Corr: 0.7866477892274313
INFO:root:Volume Corr: 0.7124006672966536
INFO:root:--------------------------------------
INFO:root:SPY_500: PCT_CHANGE: 1.169
INFO:root:--------------------------------------
INFO:root:SPY_500: PCT_CHANGE: 1.19
INFO:root:--------------------------------------
INFO:root:Time: 2020-10-29, Thu, 13:46
INFO:root:-- Time: 2020-10-29, Thu, 13:46, High: 414.58, Low: 414.05, Stream VP: 0.04, V/P Ratio: 0.13 --
INFO:root:Rolling_v_10 0.094
INFO:root:Rolling_high_10 414.87888000000004
INFO:root:Rolling_high_30 414.5780566666666
INFO:root:-- Factory Live --
INFO:root:-- Evaluating Parameters... --
INFO:root:-- Loading up the Hibernation Strategy --
INFO:root:-- Building Strategy --
INFO:root:-- Starting Defualt Operations --
INFO:root:-- Checking Price Jump --
INFO:root:Price Jump Not Satisfied
INFO:root:Pct_Corr: 0.7813159100821251
INFO:root:Volume Corr: 0.7157355837047498
INFO:root:--------------------------------------
INFO:root:Time: 2020-10-29, Thu, 13:47
INFO:root:-- Time: 2020-10-29, Thu, 13:47, High: 414.57, Low: 414.2566, Stream VP: -0.05, V/P Ratio: 0.08 --
INFO:root:Rolling_v_10 0.09499999999999999
INFO:root:Rolling_high_10 414.84288
INFO:root:Rolling_high_30 414.60455666666655
INFO:root:-- Factory Live --
INFO:root:-- Evaluating Parameters... --
INFO:root:-- Loading up the Hibernation Strategy --
INFO:root:-- Building Strategy --
INFO:root:-- Starting Defualt Operations --
INFO:root:-- Checking Price Jump --
INFO:root:Price Jump Not Satisfied
INFO:root:Pct_Corr: 0.7766086477884552
INFO:root:Volume Corr: 0.6743989902095343
INFO:root:--------------------------------------
INFO:root:SPY_500: PCT_CHANGE: 1.199
INFO:root:--------------------------------------
INFO:root:Time: 2020-10-29, Thu, 13:48
INFO:root:-- Time: 2020-10-29, Thu, 13:48, High: 414.4, Low: 413.91, Stream VP: 0.04, V/P Ratio: 0.12 --
INFO:root:Rolling_v_10 0.091
INFO:root:Rolling_high_10 414.77789999999993
INFO:root:Rolling_high_30 414.62938999999994
INFO:root:-- Factory Live --
INFO:root:-- Evaluating Parameters... --
INFO:root:-- Loading up the Hibernation Strategy --
INFO:root:-- Building Strategy --
INFO:root:-- Starting Defualt Operations --
INFO:root:-- Checking Price Jump --
INFO:root:Price Jump Not Satisfied
INFO:root:Pct_Corr: 0.7673556502368226
INFO:root:Volume Corr: 0.6742528351546944
INFO:root:--------------------------------------
INFO:root:SPY_500: PCT_CHANGE: 1.208
INFO:root:--------------------------------------
INFO:root:SPY_500: PCT_CHANGE: 1.184
INFO:root:--------------------------------------
INFO:root:Time: 2020-10-29, Thu, 13:49
INFO:root:-- Time: 2020-10-29, Thu, 13:49, High: 414.058, Low: 413.52, Stream VP: 0.01, V/P Ratio: 0.13 --
INFO:root:Rolling_v_10 0.096
INFO:root:Rolling_high_10 414.71270000000004
INFO:root:Rolling_high_30 414.64515666666654
INFO:root:-- Factory Live --
INFO:root:-- Evaluating Parameters... --
INFO:root:-- Loading up the Hibernation Strategy --
INFO:root:-- Building Strategy --
INFO:root:-- Starting Defualt Operations --
INFO:root:-- Checking Price Jump --
INFO:root:Price Jump Not Satisfied
INFO:root:Pct_Corr: 0.7496265059510894
INFO:root:Volume Corr: 0.6764598447118562
INFO:root:--------------------------------------
INFO:root:SPY_500: PCT_CHANGE: 1.193
INFO:root:--------------------------------------
INFO:root:Time: 2020-10-29, Thu, 13:50
INFO:root:-- Time: 2020-10-29, Thu, 13:50, High: 413.75, Low: 413.46, Stream VP: -0.06, V/P Ratio: 0.07 --
INFO:root:Rolling_v_10 0.093
INFO:root:Rolling_high_10 414.59771
INFO:root:Rolling_high_30 414.64515666666654
INFO:root:-- Factory Live --
INFO:root:-- Evaluating Parameters... --
INFO:root:-- Loading up the Hibernation Strategy --
INFO:root:-- Building Strategy --
INFO:root:-- Starting Defualt Operations --
INFO:root:-- Checking Price Jump --
INFO:root:Price Jump Not Satisfied
INFO:root:Pct_Corr: 0.7210561526371849
INFO:root:Volume Corr: 0.6796347694647329
INFO:root:--------------------------------------
INFO:root:Time: 2020-10-29, Thu, 13:51
INFO:root:-- Time: 2020-10-29, Thu, 13:51, High: 413.75, Low: 413.49, Stream VP: -0.01, V/P Ratio: 0.06 --
INFO:root:Rolling_v_10 0.093
INFO:root:Rolling_high_10 414.46771000000007
INFO:root:Rolling_high_30 414.6457
INFO:root:-- Factory Live --
INFO:root:-- Evaluating Parameters... --
INFO:root:-- Loading up the Hibernation Strategy --
INFO:root:-- Building Strategy --
INFO:root:-- Starting Defualt Operations --
INFO:root:-- Checking Price Jump --
INFO:root:Price Jump Not Satisfied
INFO:root:Pct_Corr: 0.695001505154245
INFO:root:Volume Corr: 0.684060211291369
INFO:root:--------------------------------------
INFO:root:SPY_500: PCT_CHANGE: 1.181
INFO:root:--------------------------------------
INFO:root:Time: 2020-10-29, Thu, 13:52
INFO:root:-- Time: 2020-10-29, Thu, 13:52, High: 414.43, Low: 413.25, Stream VP: 0.23, V/P Ratio: 0.29 --
INFO:root:Rolling_v_10 0.11500000000000002
INFO:root:Rolling_high_10 414.40785000000005
INFO:root:Rolling_high_30 414.66803333333337
INFO:root:-- Factory Live --
INFO:root:-- Evaluating Parameters... --
INFO:root:-- Loading up the Hibernation Strategy --
INFO:root:-- Building Strategy --
INFO:root:-- Starting Defualt Operations --
INFO:root:-- Checking Price Jump --
INFO:root:Price Jump Not Satisfied
INFO:root:Pct_Corr: 0.6926437075171582
INFO:root:Volume Corr: 0.7198532273063871
INFO:root:--------------------------------------
INFO:root:SPY_500: PCT_CHANGE: 1.242
